\BOOKMARK [0][-]{chapter.1}{\376\377\000T\000h\000e\000\040\000Z\000\374\000r\000i\000c\000h\000\040\000H\000a\000n\000d\000o\000f\000f}{}% 1
\BOOKMARK [1][-]{section.1.1}{\376\377\000C\000h\000a\000p\000t\000e\000r\000\040\0001\000:\000\040\000D\000i\000g\000i\000t\000a\000l\000\040\000S\000h\000a\000d\000o\000w\000s}{chapter.1}% 2
\BOOKMARK [2][-]{subsection.1.1.1}{\376\377\000S\000c\000e\000n\000e\000\040\0001\000:\000\040\000G\000h\000o\000s\000t\000\040\000P\000r\000o\000t\000o\000c\000o\000l}{section.1.1}% 3
\BOOKMARK [2][-]{subsection.1.1.2}{\376\377\000S\000c\000e\000n\000e\000\040\0002\000:\000\040\000T\000h\000e\000\040\000H\000u\000n\000t\000\040\000B\000e\000g\000i\000n\000s}{section.1.1}% 4
\BOOKMARK [2][-]{subsection.1.1.3}{\376\377\000S\000c\000e\000n\000e\000\040\0003\000:\000\040\000Q\000u\000a\000n\000t\000u\000m\000\040\000E\000n\000t\000a\000n\000g\000l\000e\000m\000e\000n\000t}{section.1.1}% 5
\BOOKMARK [2][-]{subsection.1.1.4}{\376\377\000C\000h\000a\000p\000t\000e\000r\000\040\000N\000o\000t\000e\000s}{section.1.1}% 6
\BOOKMARK [0][-]{chapter.2}{\376\377\000T\000h\000e\000\040\000S\000i\000n\000g\000a\000p\000o\000r\000e\000\040\000P\000r\000o\000t\000o\000c\000o\000l}{}% 7
\BOOKMARK [1][-]{section.2.1}{\376\377\000C\000h\000a\000p\000t\000e\000r\000\040\0002\000:\000\040\000T\000h\000e\000\040\000A\000r\000c\000h\000i\000t\000e\000c\000t\000'\000s\000\040\000G\000a\000m\000e}{chapter.2}% 8
\BOOKMARK [2][-]{subsection.2.1.1}{\376\377\000S\000c\000e\000n\000e\000\040\0001\000:\000\040\000U\000n\000d\000e\000r\000g\000r\000o\000u\000n\000d\000\040\000N\000e\000t\000w\000o\000r\000k}{section.2.1}% 9
\BOOKMARK [2][-]{subsection.2.1.2}{\376\377\000S\000c\000e\000n\000e\000\040\0002\000:\000\040\000T\000h\000e\000\040\000H\000a\000n\000d\000l\000e\000r\000'\000s\000\040\000V\000o\000i\000c\000e}{section.2.1}% 10
\BOOKMARK [2][-]{subsection.2.1.3}{\376\377\000S\000c\000e\000n\000e\000\040\0003\000:\000\040\000T\000h\000e\000\040\000C\000o\000n\000v\000e\000r\000g\000e\000n\000c\000e}{section.2.1}% 11
\BOOKMARK [2][-]{subsection.2.1.4}{\376\377\000C\000h\000a\000p\000t\000e\000r\000\040\000N\000o\000t\000e\000s}{section.2.1}% 12
\BOOKMARK [0][-]{chapter.3}{\376\377\000P\000h\000o\000e\000n\000i\000x\000\040\000R\000i\000s\000i\000n\000g}{}% 13
\BOOKMARK [1][-]{section.3.1}{\376\377\000C\000h\000a\000p\000t\000e\000r\000\040\0003\000:\000\040\000Q\000u\000a\000n\000t\000u\000m\000\040\000E\000n\000t\000a\000n\000g\000l\000e\000m\000e\000n\000t}{chapter.3}% 14
\BOOKMARK [2][-]{subsection.3.1.1}{\376\377\000S\000c\000e\000n\000e\000\040\0001\000:\000\040\000T\000h\000e\000\040\000Z\000u\000r\000i\000c\000h\000\040\000D\000e\000a\000d\000\040\000D\000r\000o\000p}{section.3.1}% 15
\BOOKMARK [2][-]{subsection.3.1.2}{\376\377\000S\000c\000e\000n\000e\000\040\0002\000:\000\040\000P\000h\000o\000e\000n\000i\000x\000\040\000R\000e\000v\000e\000a\000l\000e\000d}{section.3.1}% 16
\BOOKMARK [2][-]{subsection.3.1.3}{\376\377\000S\000c\000e\000n\000e\000\040\0003\000:\000\040\000T\000h\000e\000\040\000K\000r\000o\000n\000o\000s\000\040\000F\000i\000l\000e\000s}{section.3.1}% 17
\BOOKMARK [2][-]{subsection.3.1.4}{\376\377\000S\000c\000e\000n\000e\000\040\0004\000:\000\040\000T\000h\000e\000\040\000Z\000u\000r\000i\000c\000h\000\040\000E\000s\000c\000a\000p\000e}{section.3.1}% 18
\BOOKMARK [2][-]{subsection.3.1.5}{\376\377\000C\000h\000a\000p\000t\000e\000r\000\040\000N\000o\000t\000e\000s}{section.3.1}% 19
\BOOKMARK [0][-]{chapter.4}{\376\377\000T\000h\000e\000\040\000S\000i\000n\000g\000a\000p\000o\000r\000e\000\040\000E\000n\000d\000g\000a\000m\000e}{}% 20
\BOOKMARK [1][-]{section.4.1}{\376\377\000C\000h\000a\000p\000t\000e\000r\000\040\0004\000:\000\040\000T\000h\000e\000\040\000S\000i\000n\000g\000a\000p\000o\000r\000e\000\040\000P\000r\000o\000t\000o\000c\000o\000l}{chapter.4}% 21
\BOOKMARK [2][-]{subsection.4.1.1}{\376\377\000S\000c\000e\000n\000e\000\040\0001\000:\000\040\000L\000i\000o\000n\000\040\000C\000i\000t\000y\000\040\000A\000r\000r\000i\000v\000a\000l}{section.4.1}% 22
\BOOKMARK [2][-]{subsection.4.1.2}{\376\377\000S\000c\000e\000n\000e\000\040\0002\000:\000\040\000T\000h\000e\000\040\000Q\000u\000a\000n\000t\000u\000m\000\040\000L\000a\000b\000\040\000I\000n\000f\000i\000l\000t\000r\000a\000t\000i\000o\000n}{section.4.1}% 23
\BOOKMARK [2][-]{subsection.4.1.3}{\376\377\000S\000c\000e\000n\000e\000\040\0003\000:\000\040\000T\000h\000e\000\040\000H\000a\000w\000k\000e\000r\000\040\000C\000e\000n\000t\000e\000r\000\040\000C\000o\000n\000f\000r\000o\000n\000t\000a\000t\000i\000o\000n}{section.4.1}% 24
\BOOKMARK [2][-]{subsection.4.1.4}{\376\377\000S\000c\000e\000n\000e\000\040\0004\000:\000\040\000T\000h\000e\000\040\000S\000a\000f\000e\000\040\000H\000o\000u\000s\000e\000\040\000R\000e\000v\000e\000l\000a\000t\000i\000o\000n}{section.4.1}% 25
\BOOKMARK [2][-]{subsection.4.1.5}{\376\377\000S\000c\000e\000n\000e\000\040\0005\000:\000\040\000T\000h\000e\000\040\000M\000o\000s\000c\000o\000w\000\040\000D\000e\000c\000i\000s\000i\000o\000n}{section.4.1}% 26
\BOOKMARK [2][-]{subsection.4.1.6}{\376\377\000S\000c\000e\000n\000e\000\040\0005\000.\0005\000:\000\040\000T\000h\000e\000\040\000A\000r\000c\000h\000i\000t\000e\000c\000t\000'\000s\000\040\000M\000e\000s\000s\000a\000g\000e}{section.4.1}% 27
\BOOKMARK [2][-]{subsection.4.1.7}{\376\377\000C\000h\000a\000p\000t\000e\000r\000\040\000N\000o\000t\000e\000s}{section.4.1}% 28
\BOOKMARK [0][-]{chapter.5}{\376\377\000T\000h\000e\000\040\000M\000o\000s\000c\000o\000w\000\040\000G\000a\000m\000b\000i\000t}{}% 29
\BOOKMARK [1][-]{section.5.1}{\376\377\000C\000h\000a\000p\000t\000e\000r\000\040\0005\000:\000\040\000T\000h\000e\000\040\000M\000o\000s\000c\000o\000w\000\040\000G\000a\000m\000b\000i\000t}{chapter.5}% 30
\BOOKMARK [2][-]{subsection.5.1.1}{\376\377\000S\000c\000e\000n\000e\000\040\0001\000:\000\040\000A\000r\000r\000i\000v\000a\000l\000\040\000i\000n\000\040\000t\000h\000e\000\040\000C\000o\000l\000d}{section.5.1}% 31
\BOOKMARK [2][-]{subsection.5.1.2}{\376\377\000S\000c\000e\000n\000e\000\040\0002\000:\000\040\000T\000h\000e\000\040\000G\000h\000o\000s\000t\000\040\000M\000a\000r\000k\000e\000t}{section.5.1}% 32
\BOOKMARK [2][-]{subsection.5.1.3}{\376\377\000S\000c\000e\000n\000e\000\040\0003\000:\000\040\000T\000h\000e\000\040\000U\000n\000d\000e\000r\000g\000r\000o\000u\000n\000d\000\040\000V\000a\000u\000l\000t}{section.5.1}% 33
\BOOKMARK [2][-]{subsection.5.1.4}{\376\377\000S\000c\000e\000n\000e\000\040\0004\000:\000\040\000T\000h\000e\000\040\000A\000r\000c\000h\000i\000t\000e\000c\000t\000'\000s\000\040\000R\000e\000v\000e\000l\000a\000t\000i\000o\000n}{section.5.1}% 34
\BOOKMARK [2][-]{subsection.5.1.5}{\376\377\000S\000c\000e\000n\000e\000\040\0005\000:\000\040\000T\000h\000e\000\040\000M\000o\000t\000h\000e\000r\000'\000s\000\040\000M\000e\000s\000s\000a\000g\000e}{section.5.1}% 35
\BOOKMARK [2][-]{subsection.5.1.6}{\376\377\000E\000p\000i\000l\000o\000g\000u\000e\000:\000\040\000T\000h\000e\000\040\000F\000i\000r\000s\000t\000\040\000D\000o\000m\000i\000n\000o}{section.5.1}% 36
