\BOOKMARK [1][-]{section.0.1}{\376\377\000C\000h\000a\000p\000t\000e\000r\000\040\0001\000:\000\040\000D\000i\000g\000i\000t\000a\000l\000\040\000S\000h\000a\000d\000o\000w\000s}{}% 1
\BOOKMARK [2][-]{subsection.0.1.1}{\376\377\000S\000c\000e\000n\000e\000\040\0001\000:\000\040\000G\000h\000o\000s\000t\000\040\000P\000r\000o\000t\000o\000c\000o\000l}{section.0.1}% 2
\BOOKMARK [2][-]{subsection.0.1.2}{\376\377\000S\000c\000e\000n\000e\000\040\0002\000:\000\040\000T\000h\000e\000\040\000H\000u\000n\000t\000\040\000B\000e\000g\000i\000n\000s}{section.0.1}% 3
\BOOKMARK [2][-]{subsection.0.1.3}{\376\377\000S\000c\000e\000n\000e\000\040\0003\000:\000\040\000Q\000u\000a\000n\000t\000u\000m\000\040\000E\000n\000t\000a\000n\000g\000l\000e\000m\000e\000n\000t}{section.0.1}% 4
\BOOKMARK [2][-]{subsection.0.1.4}{\376\377\000C\000h\000a\000p\000t\000e\000r\000\040\000N\000o\000t\000e\000s}{section.0.1}% 5
\BOOKMARK [1][-]{section.0.2}{\376\377\000C\000h\000a\000p\000t\000e\000r\000\040\0002\000:\000\040\000T\000h\000e\000\040\000A\000r\000c\000h\000i\000t\000e\000c\000t\000'\000s\000\040\000G\000a\000m\000e}{}% 6
\BOOKMARK [2][-]{subsection.0.2.1}{\376\377\000S\000c\000e\000n\000e\000\040\0001\000:\000\040\000U\000n\000d\000e\000r\000g\000r\000o\000u\000n\000d\000\040\000N\000e\000t\000w\000o\000r\000k}{section.0.2}% 7
\BOOKMARK [2][-]{subsection.0.2.2}{\376\377\000S\000c\000e\000n\000e\000\040\0002\000:\000\040\000T\000h\000e\000\040\000H\000a\000n\000d\000l\000e\000r\000'\000s\000\040\000V\000o\000i\000c\000e}{section.0.2}% 8
\BOOKMARK [2][-]{subsection.0.2.3}{\376\377\000S\000c\000e\000n\000e\000\040\0003\000:\000\040\000T\000h\000e\000\040\000C\000o\000n\000v\000e\000r\000g\000e\000n\000c\000e}{section.0.2}% 9
\BOOKMARK [2][-]{subsection.0.2.4}{\376\377\000C\000h\000a\000p\000t\000e\000r\000\040\000N\000o\000t\000e\000s}{section.0.2}% 10
\BOOKMARK [1][-]{section.0.3}{\376\377\000C\000h\000a\000p\000t\000e\000r\000\040\0003\000:\000\040\000Q\000u\000a\000n\000t\000u\000m\000\040\000E\000n\000t\000a\000n\000g\000l\000e\000m\000e\000n\000t}{}% 11
\BOOKMARK [2][-]{subsection.0.3.1}{\376\377\000S\000c\000e\000n\000e\000\040\0001\000:\000\040\000T\000h\000e\000\040\000Z\000u\000r\000i\000c\000h\000\040\000D\000e\000a\000d\000\040\000D\000r\000o\000p}{section.0.3}% 12
\BOOKMARK [2][-]{subsection.0.3.2}{\376\377\000S\000c\000e\000n\000e\000\040\0002\000:\000\040\000P\000h\000o\000e\000n\000i\000x\000\040\000R\000e\000v\000e\000a\000l\000e\000d}{section.0.3}% 13
\BOOKMARK [2][-]{subsection.0.3.3}{\376\377\000S\000c\000e\000n\000e\000\040\0003\000:\000\040\000T\000h\000e\000\040\000K\000r\000o\000n\000o\000s\000\040\000F\000i\000l\000e\000s}{section.0.3}% 14
\BOOKMARK [2][-]{subsection.0.3.4}{\376\377\000S\000c\000e\000n\000e\000\040\0004\000:\000\040\000T\000h\000e\000\040\000Z\000u\000r\000i\000c\000h\000\040\000E\000s\000c\000a\000p\000e}{section.0.3}% 15
\BOOKMARK [2][-]{subsection.0.3.5}{\376\377\000C\000h\000a\000p\000t\000e\000r\000\040\000N\000o\000t\000e\000s}{section.0.3}% 16
\BOOKMARK [1][-]{section.0.4}{\376\377\000C\000h\000a\000p\000t\000e\000r\000\040\0004\000:\000\040\000T\000h\000e\000\040\000S\000i\000n\000g\000a\000p\000o\000r\000e\000\040\000P\000r\000o\000t\000o\000c\000o\000l}{}% 17
\BOOKMARK [2][-]{subsection.0.4.1}{\376\377\000S\000c\000e\000n\000e\000\040\0001\000:\000\040\000L\000i\000o\000n\000\040\000C\000i\000t\000y\000\040\000A\000r\000r\000i\000v\000a\000l}{section.0.4}% 18
\BOOKMARK [2][-]{subsection.0.4.2}{\376\377\000S\000c\000e\000n\000e\000\040\0002\000:\000\040\000T\000h\000e\000\040\000Q\000u\000a\000n\000t\000u\000m\000\040\000L\000a\000b\000\040\000I\000n\000f\000i\000l\000t\000r\000a\000t\000i\000o\000n}{section.0.4}% 19
\BOOKMARK [2][-]{subsection.0.4.3}{\376\377\000S\000c\000e\000n\000e\000\040\0003\000:\000\040\000T\000h\000e\000\040\000H\000a\000w\000k\000e\000r\000\040\000C\000e\000n\000t\000e\000r\000\040\000C\000o\000n\000f\000r\000o\000n\000t\000a\000t\000i\000o\000n}{section.0.4}% 20
\BOOKMARK [2][-]{subsection.0.4.4}{\376\377\000S\000c\000e\000n\000e\000\040\0004\000:\000\040\000T\000h\000e\000\040\000S\000a\000f\000e\000\040\000H\000o\000u\000s\000e\000\040\000R\000e\000v\000e\000l\000a\000t\000i\000o\000n}{section.0.4}% 21
\BOOKMARK [2][-]{subsection.0.4.5}{\376\377\000S\000c\000e\000n\000e\000\040\0005\000:\000\040\000T\000h\000e\000\040\000M\000o\000s\000c\000o\000w\000\040\000D\000e\000c\000i\000s\000i\000o\000n}{section.0.4}% 22
\BOOKMARK [2][-]{subsection.0.4.6}{\376\377\000S\000c\000e\000n\000e\000\040\0005\000.\0005\000:\000\040\000P\000h\000o\000e\000n\000i\000x\000'\000s\000\040\000I\000n\000s\000u\000r\000a\000n\000c\000e}{section.0.4}% 23
\BOOKMARK [2][-]{subsection.0.4.7}{\376\377\000S\000c\000e\000n\000e\000\040\0005\000.\0006\000:\000\040\000T\000h\000e\000\040\000A\000r\000c\000h\000i\000t\000e\000c\000t\000'\000s\000\040\000M\000e\000s\000s\000a\000g\000e}{section.0.4}% 24
\BOOKMARK [2][-]{subsection.0.4.8}{\376\377\000C\000h\000a\000p\000t\000e\000r\000\040\000N\000o\000t\000e\000s}{section.0.4}% 25
\BOOKMARK [1][-]{section.0.5}{\376\377\000C\000h\000a\000p\000t\000e\000r\000\040\0005\000:\000\040\000T\000h\000e\000\040\000M\000o\000s\000c\000o\000w\000\040\000G\000a\000m\000b\000i\000t}{}% 26
\BOOKMARK [2][-]{subsection.0.5.1}{\376\377\000S\000c\000e\000n\000e\000\040\0001\000:\000\040\000A\000r\000r\000i\000v\000a\000l\000\040\000i\000n\000\040\000t\000h\000e\000\040\000C\000o\000l\000d}{section.0.5}% 27
\BOOKMARK [2][-]{subsection.0.5.2}{\376\377\000S\000c\000e\000n\000e\000\040\0002\000:\000\040\000T\000h\000e\000\040\000G\000h\000o\000s\000t\000\040\000M\000a\000r\000k\000e\000t}{section.0.5}% 28
\BOOKMARK [2][-]{subsection.0.5.3}{\376\377\000S\000c\000e\000n\000e\000\040\0003\000:\000\040\000T\000h\000e\000\040\000U\000n\000d\000e\000r\000g\000r\000o\000u\000n\000d\000\040\000V\000a\000u\000l\000t}{section.0.5}% 29
\BOOKMARK [2][-]{subsection.0.5.4}{\376\377\000S\000c\000e\000n\000e\000\040\0004\000:\000\040\000T\000h\000e\000\040\000A\000r\000c\000h\000i\000t\000e\000c\000t\000'\000s\000\040\000R\000e\000v\000e\000l\000a\000t\000i\000o\000n}{section.0.5}% 30
\BOOKMARK [2][-]{subsection.0.5.5}{\376\377\000S\000c\000e\000n\000e\000\040\0005\000:\000\040\000T\000h\000e\000\040\000M\000o\000t\000h\000e\000r\000'\000s\000\040\000M\000e\000s\000s\000a\000g\000e}{section.0.5}% 31
\BOOKMARK [2][-]{subsection.0.5.6}{\376\377\000E\000p\000i\000l\000o\000g\000u\000e\000:\000\040\000T\000h\000e\000\040\000F\000i\000r\000s\000t\000\040\000D\000o\000m\000i\000n\000o}{section.0.5}% 32
