\BOOKMARK [1][-]{section.0.1}{\376\377\000C\000h\000a\000p\000t\000e\000r\000\040\0003\000:\000\040\000Q\000u\000a\000n\000t\000u\000m\000\040\000E\000n\000t\000a\000n\000g\000l\000e\000m\000e\000n\000t}{}% 1
\BOOKMARK [2][-]{subsection.0.1.1}{\376\377\000S\000c\000e\000n\000e\000\040\0001\000:\000\040\000T\000h\000e\000\040\000Z\000u\000r\000i\000c\000h\000\040\000D\000e\000a\000d\000\040\000D\000r\000o\000p}{section.0.1}% 2
\BOOKMARK [2][-]{subsection.0.1.2}{\376\377\000S\000c\000e\000n\000e\000\040\0002\000:\000\040\000P\000h\000o\000e\000n\000i\000x\000\040\000R\000e\000v\000e\000a\000l\000e\000d}{section.0.1}% 3
\BOOKMARK [2][-]{subsection.0.1.3}{\376\377\000S\000c\000e\000n\000e\000\040\0003\000:\000\040\000T\000h\000e\000\040\000K\000r\000o\000n\000o\000s\000\040\000F\000i\000l\000e\000s}{section.0.1}% 4
\BOOKMARK [2][-]{subsection.0.1.4}{\376\377\000S\000c\000e\000n\000e\000\040\0004\000:\000\040\000T\000h\000e\000\040\000Z\000u\000r\000i\000c\000h\000\040\000E\000s\000c\000a\000p\000e}{section.0.1}% 5
\BOOKMARK [2][-]{subsection.0.1.5}{\376\377\000C\000h\000a\000p\000t\000e\000r\000\040\000N\000o\000t\000e\000s}{section.0.1}% 6
\BOOKMARK [1][-]{section.0.2}{\376\377\000C\000h\000a\000p\000t\000e\000r\000\040\0004\000:\000\040\000T\000h\000e\000\040\000S\000i\000n\000g\000a\000p\000o\000r\000e\000\040\000P\000r\000o\000t\000o\000c\000o\000l}{}% 7
\BOOKMARK [2][-]{subsection.0.2.1}{\376\377\000S\000c\000e\000n\000e\000\040\0001\000:\000\040\000L\000i\000o\000n\000\040\000C\000i\000t\000y\000\040\000A\000r\000r\000i\000v\000a\000l}{section.0.2}% 8
\BOOKMARK [2][-]{subsection.0.2.2}{\376\377\000S\000c\000e\000n\000e\000\040\0002\000:\000\040\000T\000h\000e\000\040\000Q\000u\000a\000n\000t\000u\000m\000\040\000L\000a\000b\000\040\000I\000n\000f\000i\000l\000t\000r\000a\000t\000i\000o\000n}{section.0.2}% 9
\BOOKMARK [2][-]{subsection.0.2.3}{\376\377\000S\000c\000e\000n\000e\000\040\0003\000:\000\040\000T\000h\000e\000\040\000H\000a\000w\000k\000e\000r\000\040\000C\000e\000n\000t\000e\000r\000\040\000C\000o\000n\000f\000r\000o\000n\000t\000a\000t\000i\000o\000n}{section.0.2}% 10
\BOOKMARK [2][-]{subsection.0.2.4}{\376\377\000S\000c\000e\000n\000e\000\040\0004\000:\000\040\000T\000h\000e\000\040\000S\000a\000f\000e\000\040\000H\000o\000u\000s\000e\000\040\000R\000e\000v\000e\000l\000a\000t\000i\000o\000n}{section.0.2}% 11
\BOOKMARK [2][-]{subsection.0.2.5}{\376\377\000S\000c\000e\000n\000e\000\040\0005\000:\000\040\000T\000h\000e\000\040\000M\000o\000s\000c\000o\000w\000\040\000D\000e\000c\000i\000s\000i\000o\000n}{section.0.2}% 12
\BOOKMARK [2][-]{subsection.0.2.6}{\376\377\000S\000c\000e\000n\000e\000\040\0005\000.\0005\000:\000\040\000T\000h\000e\000\040\000A\000r\000c\000h\000i\000t\000e\000c\000t\000'\000s\000\040\000M\000e\000s\000s\000a\000g\000e}{section.0.2}% 13
\BOOKMARK [2][-]{subsection.0.2.7}{\376\377\000C\000h\000a\000p\000t\000e\000r\000\040\000N\000o\000t\000e\000s}{section.0.2}% 14
\BOOKMARK [0][-]{appendix.A}{\376\377\000T\000e\000c\000h\000n\000i\000c\000a\000l\000\040\000A\000p\000p\000e\000n\000d\000i\000c\000e\000s}{}% 15
\BOOKMARK [1][-]{section.A.1}{\376\377\000N\000e\000x\000u\000s\000\040\000V\000e\000i\000l\000\040\000A\000r\000c\000h\000i\000t\000e\000c\000t\000u\000r\000e}{appendix.A}% 16
\BOOKMARK [2][-]{subsection.A.1.1}{\376\377\000C\000o\000r\000e\000\040\000C\000o\000m\000p\000o\000n\000e\000n\000t\000s}{section.A.1}% 17
\BOOKMARK [2][-]{subsection.A.1.2}{\376\377\000A\000r\000c\000h\000i\000t\000e\000c\000t\000u\000r\000a\000l\000\040\000A\000n\000a\000l\000o\000g\000y}{section.A.1}% 18
\BOOKMARK [2][-]{subsection.A.1.3}{\376\377\000T\000h\000e\000\040\000M\000a\000s\000t\000e\000r\000\040\000N\000o\000d\000e\000\040\000T\000h\000r\000e\000a\000t}{section.A.1}% 19
\BOOKMARK [1][-]{section.A.2}{\376\377\000Q\000u\000a\000n\000t\000u\000m\000\040\000C\000o\000m\000p\000u\000t\000i\000n\000g\000\040\000T\000h\000r\000e\000a\000t\000\040\000T\000i\000m\000e\000l\000i\000n\000e}{appendix.A}% 20
\BOOKMARK [2][-]{subsection.A.2.1}{\376\377\000R\000e\000a\000l\000-\000W\000o\000r\000l\000d\000\040\000T\000i\000m\000e\000l\000i\000n\000e\000\040\000\050\000A\000s\000\040\000o\000f\000\040\0002\0000\0002\0004\000\051}{section.A.2}% 21
\BOOKMARK [2][-]{subsection.A.2.2}{\376\377\000N\000o\000v\000e\000l\000'\000s\000\040\000A\000c\000c\000e\000l\000e\000r\000a\000t\000e\000d\000\040\000T\000i\000m\000e\000l\000i\000n\000e}{section.A.2}% 22
\BOOKMARK [2][-]{subsection.A.2.3}{\376\377\000J\000u\000s\000t\000i\000f\000i\000c\000a\000t\000i\000o\000n\000\040\000f\000o\000r\000\040\000C\000o\000m\000p\000r\000e\000s\000s\000i\000o\000n}{section.A.2}% 23
\BOOKMARK [2][-]{subsection.A.2.4}{\376\377\000T\000a\000k\000e\000a\000w\000a\000y}{section.A.2}% 24
\BOOKMARK [1][-]{section.A.3}{\376\377\000B\000B\0008\0004\000\040\000Q\000u\000a\000n\000t\000u\000m\000\040\000K\000e\000y\000\040\000D\000i\000s\000t\000r\000i\000b\000u\000t\000i\000o\000n}{appendix.A}% 25
\BOOKMARK [2][-]{subsection.A.3.1}{\376\377\000H\000o\000w\000\040\000I\000t\000\040\000W\000o\000r\000k\000s}{section.A.3}% 26
\BOOKMARK [2][-]{subsection.A.3.2}{\376\377\000S\000e\000c\000u\000r\000i\000t\000y\000\040\000P\000r\000o\000p\000e\000r\000t\000i\000e\000s}{section.A.3}% 27
\BOOKMARK [2][-]{subsection.A.3.3}{\376\377\000A\000p\000p\000l\000i\000c\000a\000t\000i\000o\000n\000\040\000i\000n\000\040\000N\000e\000x\000u\000s\000\040\000V\000e\000i\000l}{section.A.3}% 28
\BOOKMARK [1][-]{section.A.4}{\376\377\000S\000h\000o\000r\000'\000s\000\040\000A\000l\000g\000o\000r\000i\000t\000h\000m}{appendix.A}% 29
\BOOKMARK [2][-]{subsection.A.4.1}{\376\377\000C\000l\000a\000s\000s\000i\000c\000a\000l\000\040\000F\000a\000c\000t\000o\000r\000i\000z\000a\000t\000i\000o\000n}{section.A.4}% 30
\BOOKMARK [2][-]{subsection.A.4.2}{\376\377\000S\000h\000o\000r\000'\000s\000\040\000A\000l\000g\000o\000r\000i\000t\000h\000m}{section.A.4}% 31
\BOOKMARK [1][-]{section.A.5}{\376\377\000S\000h\000a\000m\000i\000r\000'\000s\000\040\000S\000e\000c\000r\000e\000t\000\040\000S\000h\000a\000r\000i\000n\000g}{appendix.A}% 32
\BOOKMARK [2][-]{subsection.A.5.1}{\376\377\000T\000h\000r\000e\000s\000h\000o\000l\000d\000\040\000S\000c\000h\000e\000m\000e}{section.A.5}% 33
\BOOKMARK [2][-]{subsection.A.5.2}{\376\377\000N\000e\000x\000u\000s\000\040\000V\000e\000i\000l\000\040\000M\000a\000s\000t\000e\000r\000\040\000N\000o\000d\000e}{section.A.5}% 34
\BOOKMARK [1][-]{section.A.6}{\376\377\000P\000o\000s\000t\000-\000Q\000u\000a\000n\000t\000u\000m\000\040\000C\000r\000y\000p\000t\000o\000g\000r\000a\000p\000h\000y\000\040\000S\000t\000a\000n\000d\000a\000r\000d\000s}{appendix.A}% 35
\BOOKMARK [2][-]{subsection.A.6.1}{\376\377\000C\000r\000y\000s\000t\000a\000l\000s\000-\000K\000y\000b\000e\000r\000\040\000\050\000K\000e\000y\000\040\000E\000n\000c\000a\000p\000s\000u\000l\000a\000t\000i\000o\000n\000\051}{section.A.6}% 36
\BOOKMARK [2][-]{subsection.A.6.2}{\376\377\000C\000r\000y\000s\000t\000a\000l\000s\000-\000D\000i\000l\000i\000t\000h\000i\000u\000m\000\040\000\050\000D\000i\000g\000i\000t\000a\000l\000\040\000S\000i\000g\000n\000a\000t\000u\000r\000e\000s\000\051}{section.A.6}% 37
\BOOKMARK [2][-]{subsection.A.6.3}{\376\377\000M\000i\000g\000r\000a\000t\000i\000o\000n\000\040\000S\000t\000r\000a\000t\000e\000g\000y}{section.A.6}% 38
\BOOKMARK [1][-]{section.A.7}{\376\377\000H\000a\000r\000v\000e\000s\000t\000\040\000N\000o\000w\000,\000\040\000D\000e\000c\000r\000y\000p\000t\000\040\000L\000a\000t\000e\000r\000\040\000\050\000H\000N\000D\000L\000\051}{appendix.A}% 39
\BOOKMARK [0][-]{appendix.B}{\376\377\000G\000l\000o\000s\000s\000a\000r\000y}{}% 40
