\BOOKMARK [1][-]{section.1}{Executive Summary}{}% 1
\BOOKMARK [1][-]{section.2}{The Quantum Node Renaissance: A Distributed Consciousness}{}% 2
\BOOKMARK [2][-]{subsection.2.1}{Quantum Node Consciousness Model}{section.2}% 3
\BOOKMARK [2][-]{subsection.2.2}{The Quantum Trinity: Three-Tier Node Hierarchy}{section.2}% 4
\BOOKMARK [2][-]{subsection.2.3}{Quantum Network Communication Protocols}{section.2}% 5
\BOOKMARK [1][-]{section.3}{Phase-Based Evolution Timeline}{}% 6
\BOOKMARK [2][-]{subsection.3.1}{Phase 2: Quantum Random Enhancement \(Q1-Q2 2025\)}{section.3}% 7
\BOOKMARK [2][-]{subsection.3.2}{Phase 3: Zero-Knowledge Privacy Revolution \(Q2-Q4 2025\)}{section.3}% 8
\BOOKMARK [2][-]{subsection.3.3}{Phase 4: Quantum Key Distribution \(Q1-Q3 2026\)}{section.3}% 9
\BOOKMARK [2][-]{subsection.3.4}{Phase 5: Advanced Quantum Computing \(Q4 2026-Q2 2027\)}{section.3}% 10
\BOOKMARK [2][-]{subsection.3.5}{Phase 6: Quantum Internet Native \(Q3 2027+\)}{section.3}% 11
\BOOKMARK [1][-]{section.4}{Performance Evolution Metrics}{}% 12
\BOOKMARK [1][-]{section.5}{Technical Architecture Deep Dive}{}% 13
\BOOKMARK [2][-]{subsection.5.1}{Quantum-Enhanced DAG-Knight Consensus}{section.5}% 14
\BOOKMARK [2][-]{subsection.5.2}{Post-Quantum Cryptographic Stack}{section.5}% 15
\BOOKMARK [1][-]{section.6}{Innovation Opportunities \046 Research Impact}{}% 16
\BOOKMARK [2][-]{subsection.6.1}{Academic Research Contributions}{section.6}% 17
\BOOKMARK [2][-]{subsection.6.2}{Industry Impact \046 Standards Leadership}{section.6}% 18
\BOOKMARK [1][-]{section.7}{Strategic Recommendations \046 Implementation Guide}{}% 19
\BOOKMARK [2][-]{subsection.7.1}{Immediate Actions \(Next 30 Days\)}{section.7}% 20
\BOOKMARK [2][-]{subsection.7.2}{Medium-Term Strategy \(6-12 Months\)}{section.7}% 21
\BOOKMARK [2][-]{subsection.7.3}{Long-Term Vision \(2-3 Years\)}{section.7}% 22
\BOOKMARK [1][-]{section.8}{Conclusion: The Quantum Consensus Revolution}{}% 23
\BOOKMARK [2][-]{subsection.8.1}{The Quantum Advantage Realized}{section.8}% 24
\BOOKMARK [2][-]{subsection.8.2}{Call to Action: The Quantum Future Awaits}{section.8}% 25
