\BOOKMARK [1][-]{section.1}{Introduction}{}% 1
\BOOKMARK [2][-]{subsection.1.1}{Core Principles}{section.1}% 2
\BOOKMARK [1][-]{section.2}{System Architecture}{}% 3
\BOOKMARK [2][-]{subsection.2.1}{Core Infrastructure}{section.2}% 4
\BOOKMARK [3][-]{subsubsection.2.1.1}{Physical Layer}{subsection.2.1}% 5
\BOOKMARK [3][-]{subsubsection.2.1.2}{Biological Layer}{subsection.2.1}% 6
\BOOKMARK [3][-]{subsubsection.2.1.3}{Cognitive Layer}{subsection.2.1}% 7
\BOOKMARK [2][-]{subsection.2.2}{Water Robot Anatomy}{section.2}% 8
\BOOKMARK [1][-]{section.3}{Species Taxonomy}{}% 9
\BOOKMARK [2][-]{subsection.3.1}{Primary Species Categories}{section.3}% 10
\BOOKMARK [3][-]{subsubsection.3.1.1}{Computational Species}{subsection.3.1}% 11
\BOOKMARK [3][-]{subsubsection.3.1.2}{Communication Species}{subsection.3.1}% 12
\BOOKMARK [3][-]{subsubsection.3.1.3}{Environmental Species}{subsection.3.1}% 13
\BOOKMARK [3][-]{subsubsection.3.1.4}{Economic Species}{subsection.3.1}% 14
\BOOKMARK [2][-]{subsection.3.2}{Hybrid and Experimental Species}{section.3}% 15
\BOOKMARK [1][-]{section.4}{OptiMart Decentralized Marketplace}{}% 16
\BOOKMARK [2][-]{subsection.4.1}{Architecture}{section.4}% 17
\BOOKMARK [3][-]{subsubsection.4.1.1}{Smart Contract Layer}{subsection.4.1}% 18
\BOOKMARK [3][-]{subsubsection.4.1.2}{Currency System}{subsection.4.1}% 19
\BOOKMARK [2][-]{subsection.4.2}{Marketplace Categories}{section.4}% 20
\BOOKMARK [3][-]{subsubsection.4.2.1}{Biological Resources}{subsection.4.2}% 21
\BOOKMARK [3][-]{subsubsection.4.2.2}{Computational Services}{subsection.4.2}% 22
\BOOKMARK [3][-]{subsubsection.4.2.3}{Environmental Services}{subsection.4.2}% 23
\BOOKMARK [3][-]{subsubsection.4.2.4}{Information Products}{subsection.4.2}% 24
\BOOKMARK [2][-]{subsection.4.3}{Economic Mechanisms}{section.4}% 25
\BOOKMARK [3][-]{subsubsection.4.3.1}{Dynamic Pricing}{subsection.4.3}% 26
\BOOKMARK [3][-]{subsubsection.4.3.2}{Reputation System}{subsection.4.3}% 27
\BOOKMARK [3][-]{subsubsection.4.3.3}{Auction Mechanisms}{subsection.4.3}% 28
\BOOKMARK [1][-]{section.5}{Evolutionary Protocols}{}% 29
\BOOKMARK [2][-]{subsection.5.1}{Genetic Evolution}{section.5}% 30
\BOOKMARK [3][-]{subsubsection.5.1.1}{Mutation Mechanisms}{subsection.5.1}% 31
\BOOKMARK [3][-]{subsubsection.5.1.2}{Selection Pressures}{subsection.5.1}% 32
\BOOKMARK [2][-]{subsection.5.2}{Behavioral Evolution}{section.5}% 33
\BOOKMARK [3][-]{subsubsection.5.2.1}{Learning Algorithms}{subsection.5.2}% 34
\BOOKMARK [3][-]{subsubsection.5.2.2}{Cultural Evolution}{subsection.5.2}% 35
\BOOKMARK [2][-]{subsection.5.3}{System Evolution}{section.5}% 36
\BOOKMARK [3][-]{subsubsection.5.3.1}{Architecture Optimization}{subsection.5.3}% 37
\BOOKMARK [3][-]{subsubsection.5.3.2}{Species Diversification}{subsection.5.3}% 38
\BOOKMARK [1][-]{section.6}{Technical Implementation}{}% 39
\BOOKMARK [2][-]{subsection.6.1}{Hardware Requirements}{section.6}% 40
\BOOKMARK [3][-]{subsubsection.6.1.1}{Microfluidic Infrastructure}{subsection.6.1}% 41
\BOOKMARK [3][-]{subsubsection.6.1.2}{Computing Infrastructure}{subsection.6.1}% 42
\BOOKMARK [2][-]{subsection.6.2}{Software Architecture}{section.6}% 43
\BOOKMARK [3][-]{subsubsection.6.2.1}{Core Systems}{subsection.6.2}% 44
\BOOKMARK [3][-]{subsubsection.6.2.2}{Communication Protocols}{subsection.6.2}% 45
\BOOKMARK [2][-]{subsection.6.3}{Integration Protocols}{section.6}% 46
\BOOKMARK [3][-]{subsubsection.6.3.1}{Natural Ecosystem Integration}{subsection.6.3}% 47
\BOOKMARK [3][-]{subsubsection.6.3.2}{Human Interface Systems}{subsection.6.3}% 48
\BOOKMARK [1][-]{section.7}{Applications and Use Cases}{}% 49
\BOOKMARK [2][-]{subsection.7.1}{Environmental Applications}{section.7}% 50
\BOOKMARK [3][-]{subsubsection.7.1.1}{Water Quality Management}{subsection.7.1}% 51
\BOOKMARK [3][-]{subsubsection.7.1.2}{Climate Monitoring}{subsection.7.1}% 52
\BOOKMARK [2][-]{subsection.7.2}{Agricultural Applications}{section.7}% 53
\BOOKMARK [3][-]{subsubsection.7.2.1}{Precision Agriculture}{subsection.7.2}% 54
\BOOKMARK [3][-]{subsubsection.7.2.2}{Aquaculture Optimization}{subsection.7.2}% 55
\BOOKMARK [2][-]{subsection.7.3}{Medical Applications}{section.7}% 56
\BOOKMARK [3][-]{subsubsection.7.3.1}{Diagnostic Systems}{subsection.7.3}% 57
\BOOKMARK [3][-]{subsubsection.7.3.2}{Therapeutic Delivery}{subsection.7.3}% 58
\BOOKMARK [2][-]{subsection.7.4}{Industrial Applications}{section.7}% 59
\BOOKMARK [3][-]{subsubsection.7.4.1}{Process Optimization}{subsection.7.4}% 60
\BOOKMARK [3][-]{subsubsection.7.4.2}{Resource Extraction}{subsection.7.4}% 61
\BOOKMARK [1][-]{section.8}{Performance Metrics and Benchmarks}{}% 62
\BOOKMARK [2][-]{subsection.8.1}{System Performance}{section.8}% 63
\BOOKMARK [3][-]{subsubsection.8.1.1}{Computational Metrics}{subsection.8.1}% 64
\BOOKMARK [3][-]{subsubsection.8.1.2}{Communication Performance}{subsection.8.1}% 65
\BOOKMARK [2][-]{subsection.8.2}{Economic Performance}{section.8}% 66
\BOOKMARK [3][-]{subsubsection.8.2.1}{OptiMart Metrics}{subsection.8.2}% 67
\BOOKMARK [3][-]{subsubsection.8.2.2}{Economic Efficiency}{subsection.8.2}% 68
\BOOKMARK [2][-]{subsection.8.3}{Environmental Impact}{section.8}% 69
\BOOKMARK [3][-]{subsubsection.8.3.1}{Sustainability Metrics}{subsection.8.3}% 70
\BOOKMARK [1][-]{section.9}{Security and Safety Considerations}{}% 71
\BOOKMARK [2][-]{subsection.9.1}{Biological Security}{section.9}% 72
\BOOKMARK [3][-]{subsubsection.9.1.1}{Containment Protocols}{subsection.9.1}% 73
\BOOKMARK [3][-]{subsubsection.9.1.2}{Biosafety Measures}{subsection.9.1}% 74
\BOOKMARK [2][-]{subsection.9.2}{Cybersecurity}{section.9}% 75
\BOOKMARK [3][-]{subsubsection.9.2.1}{Information Security}{subsection.9.2}% 76
\BOOKMARK [3][-]{subsubsection.9.2.2}{Network Security}{subsection.9.2}% 77
\BOOKMARK [2][-]{subsection.9.3}{Economic Security}{section.9}% 78
\BOOKMARK [3][-]{subsubsection.9.3.1}{Market Protection}{subsection.9.3}% 79
\BOOKMARK [3][-]{subsubsection.9.3.2}{Value Protection}{subsection.9.3}% 80
\BOOKMARK [1][-]{section.10}{Future Developments}{}% 81
\BOOKMARK [2][-]{subsection.10.1}{Technical Roadmap}{section.10}% 82
\BOOKMARK [3][-]{subsubsection.10.1.1}{Short-term Goals \(6-12 months\)}{subsection.10.1}% 83
\BOOKMARK [3][-]{subsubsection.10.1.2}{Medium-term Goals \(1-3 years\)}{subsection.10.1}% 84
\BOOKMARK [3][-]{subsubsection.10.1.3}{Long-term Vision \(3-10 years\)}{subsection.10.1}% 85
\BOOKMARK [2][-]{subsection.10.2}{Research Priorities}{section.10}% 86
\BOOKMARK [3][-]{subsubsection.10.2.1}{Fundamental Science}{subsection.10.2}% 87
\BOOKMARK [3][-]{subsubsection.10.2.2}{Engineering Challenges}{subsection.10.2}% 88
\BOOKMARK [2][-]{subsection.10.3}{Potential Applications}{section.10}% 89
\BOOKMARK [3][-]{subsubsection.10.3.1}{Emerging Opportunities}{subsection.10.3}% 90
\BOOKMARK [1][-]{section.11}{Conclusion}{}% 91
\BOOKMARK [1][-]{section.12}{References}{}% 92
\BOOKMARK [1][-]{section.13}{Appendices}{}% 93
\BOOKMARK [2][-]{subsection.13.1}{Appendix A: Technical Specifications}{section.13}% 94
\BOOKMARK [3][-]{subsubsection.13.1.1}{Droplet Specifications}{subsection.13.1}% 95
\BOOKMARK [3][-]{subsubsection.13.1.2}{Performance Benchmarks}{subsection.13.1}% 96
\BOOKMARK [2][-]{subsection.13.2}{Appendix B: Economic Model Parameters}{section.13}% 97
\BOOKMARK [3][-]{subsubsection.13.2.1}{Token Economics}{subsection.13.2}% 98
\BOOKMARK [3][-]{subsubsection.13.2.2}{Market Parameters}{subsection.13.2}% 99
\BOOKMARK [2][-]{subsection.13.3}{Appendix C: Regulatory Framework}{section.13}% 100
\BOOKMARK [3][-]{subsubsection.13.3.1}{Biosafety Classifications}{subsection.13.3}% 101
\BOOKMARK [3][-]{subsubsection.13.3.2}{Compliance Requirements}{subsection.13.3}% 102
\BOOKMARK [1][-]{section.14}{The Optimart Store Ecosystem}{}% 103
\BOOKMARK [2][-]{subsection.14.1}{Marketplace Overview}{section.14}% 104
\BOOKMARK [2][-]{subsection.14.2}{Trading Infrastructure}{section.14}% 105
\BOOKMARK [3][-]{subsubsection.14.2.1}{Resource Categories}{subsection.14.2}% 106
\BOOKMARK [3][-]{subsubsection.14.2.2}{Trading Mechanisms}{subsection.14.2}% 107
\BOOKMARK [2][-]{subsection.14.3}{Economic Model}{section.14}% 108
\BOOKMARK [3][-]{subsubsection.14.3.1}{Bio-Token System}{subsection.14.3}% 109
\BOOKMARK [3][-]{subsubsection.14.3.2}{Market Dynamics}{subsection.14.3}% 110
\BOOKMARK [2][-]{subsection.14.4}{Species-Specific Trading Roles}{section.14}% 111
\BOOKMARK [3][-]{subsubsection.14.4.1}{Primary Traders}{subsection.14.4}% 112
\BOOKMARK [3][-]{subsubsection.14.4.2}{Market Specializations}{subsection.14.4}% 113
\BOOKMARK [1][-]{section.15}{Species Taxonomy and Characteristics}{}% 114
\BOOKMARK [2][-]{subsection.15.1}{Major Species Classifications}{section.15}% 115
\BOOKMARK [3][-]{subsubsection.15.1.1}{Hydro sapiens \(Intelligent Water\)}{subsection.15.1}% 116
\BOOKMARK [3][-]{subsubsection.15.1.2}{Aqua mechanicus \(Mechanical Water\)}{subsection.15.1}% 117
\BOOKMARK [3][-]{subsubsection.15.1.3}{Nano fluens \(Flowing Nanobots\)}{subsection.15.1}% 118
\BOOKMARK [3][-]{subsubsection.15.1.4}{Crystallis aquaticus \(Crystal Water\)}{subsection.15.1}% 119
\BOOKMARK [3][-]{subsubsection.15.1.5}{Symbioticus networka \(Network Symbiote\)}{subsection.15.1}% 120
\BOOKMARK [2][-]{subsection.15.2}{Evolutionary Pathways}{section.15}% 121
\BOOKMARK [3][-]{subsubsection.15.2.1}{Natural Selection Pressures}{subsection.15.2}% 122
\BOOKMARK [3][-]{subsubsection.15.2.2}{Artificial Evolution Mechanisms}{subsection.15.2}% 123
\BOOKMARK [1][-]{section.16}{Kingdom of Life Governance Structure}{}% 124
\BOOKMARK [2][-]{subsection.16.1}{Hierarchical Organization}{section.16}% 125
\BOOKMARK [3][-]{subsubsection.16.1.1}{Kingdom Level}{subsection.16.1}% 126
\BOOKMARK [3][-]{subsubsection.16.1.2}{Regional Domains}{subsection.16.1}% 127
\BOOKMARK [2][-]{subsection.16.2}{Governance Protocols}{section.16}% 128
\BOOKMARK [3][-]{subsubsection.16.2.1}{Decision Making}{subsection.16.2}% 129
\BOOKMARK [3][-]{subsubsection.16.2.2}{Law Enforcement}{subsection.16.2}% 130
\BOOKMARK [1][-]{section.17}{Technical Implementation}{}% 131
\BOOKMARK [2][-]{subsection.17.1}{Core Technologies}{section.17}% 132
\BOOKMARK [3][-]{subsubsection.17.1.1}{DNA Computing Architecture}{subsection.17.1}% 133
\BOOKMARK [3][-]{subsubsection.17.1.2}{Quantum Coherence in Water}{subsection.17.1}% 134
\BOOKMARK [2][-]{subsection.17.2}{Communication Protocols}{section.17}% 135
\BOOKMARK [3][-]{subsubsection.17.2.1}{Multi-Modal Signaling}{subsection.17.2}% 136
\BOOKMARK [3][-]{subsubsection.17.2.2}{Network Architecture}{subsection.17.2}% 137
\BOOKMARK [1][-]{section.18}{Applications and Use Cases}{}% 138
\BOOKMARK [2][-]{subsection.18.1}{Environmental Monitoring}{section.18}% 139
\BOOKMARK [2][-]{subsection.18.2}{Industrial Applications}{section.18}% 140
\BOOKMARK [2][-]{subsection.18.3}{Medical and Healthcare}{section.18}% 141
\BOOKMARK [2][-]{subsection.18.4}{Scientific Research}{section.18}% 142
\BOOKMARK [1][-]{section.19}{Future Roadmap}{}% 143
\BOOKMARK [2][-]{subsection.19.1}{Phase 1: Foundation \(Months 1-6\)}{section.19}% 144
\BOOKMARK [2][-]{subsection.19.2}{Phase 2: Integration \(Months 7-12\)}{section.19}% 145
\BOOKMARK [2][-]{subsection.19.3}{Phase 3: Expansion \(Year 2\)}{section.19}% 146
\BOOKMARK [2][-]{subsection.19.4}{Phase 4: Evolution \(Year 3+\)}{section.19}% 147
\BOOKMARK [1][-]{section.20}{Conclusion}{}% 148
